<?xml version="1.0" encoding="UTF-8"?>
<testsuite name="SILab2Test" tests="2" skipped="0" failures="0" errors="0" timestamp="2020-06-11T21:35:59" hostname="DESKTOP-DPFSGEQ" time="0.009">
  <properties/>
  <testcase name="everyBranch()" classname="SILab2Test" time="0.008"/>
  <testcase name="everyPath()" classname="SILab2Test" time="0.0"/>
  <system-out><![CDATA[]]></system-out>
  <system-err><![CDATA[]]></system-err>
</testsuite>
